Performing C SOURCE FILE Test CMAKE_HAVE_LIBC_PTHREAD failed with the following output:
Change Dir: D:/Repo/PBR/build/CMakeFiles/CMakeTmp

Run Build Command(s):C:/Program Files/Microsoft Visual Studio/2022/Enterprise/MSBuild/Current/Bin/amd64/MSBuild.exe cmTC_63acc.vcxproj /p:Configuration=Debug /p:Platform=x64 /p:VisualStudioVersion=17.0 /v:m && MSBuild version 17.3.1+2badb37d1 for .NET Framework
  Microsoft (R) C/C++ Optimizing Compiler Version 19.33.31629 for x64
  src.c
  Copyright (C) Microsoft Corporation.  All rights reserved.
  cl /c /Zi /W3 /WX- /diagnostics:column /Od /Ob0 /D _MBCS /D WIN32 /D _WINDOWS /D CMAKE_HAVE_LIBC_PTHREAD /D "CMAKE_INTDIR=\"Debug\"" /Gm- /RTC1 /MDd /GS /fp:precise /Zc:wchar_t /Zc:forScope /Zc:inline /Fo"cmTC_63acc.dir\Debug\\" /Fd"cmTC_63acc.dir\Debug\vc143.pdb" /external:W3 /Gd /TC /errorReport:queue D:\Repo\PBR\build\CMakeFiles\CMakeTmp\src.c
D:\Repo\PBR\build\CMakeFiles\CMakeTmp\src.c(1,10): fatal  error C1083: Cannot open include file: 'pthread.h': No such file or directory [D:\Repo\PBR\build\CMakeFiles\CMakeTmp\cmTC_63acc.vcxproj]


Source file was:
#include <pthread.h>

static void* test_func(void* data)
{
  return data;
}

int main(void)
{
  pthread_t thread;
  pthread_create(&thread, NULL, test_func, NULL);
  pthread_detach(thread);
  pthread_cancel(thread);
  pthread_join(thread, NULL);
  pthread_atfork(NULL, NULL, NULL);
  pthread_exit(NULL);

  return 0;
}

Determining if the function pthread_create exists in the pthreads failed with the following output:
Change Dir: D:/Repo/PBR/build/CMakeFiles/CMakeTmp

Run Build Command(s):C:/Program Files/Microsoft Visual Studio/2022/Enterprise/MSBuild/Current/Bin/amd64/MSBuild.exe cmTC_4e396.vcxproj /p:Configuration=Debug /p:Platform=x64 /p:VisualStudioVersion=17.0 /v:m && MSBuild version 17.3.1+2badb37d1 for .NET Framework
  Microsoft (R) C/C++ Optimizing Compiler Version 19.33.31629 for x64
  CheckFunctionExists.c
  Copyright (C) Microsoft Corporation.  All rights reserved.
  cl /c /Zi /W3 /WX- /diagnostics:column /Od /Ob0 /D _MBCS /D WIN32 /D _WINDOWS /D CHECK_FUNCTION_EXISTS=pthread_create /D "CMAKE_INTDIR=\"Debug\"" /Gm- /RTC1 /MDd /GS /fp:precise /Zc:wchar_t /Zc:forScope /Zc:inline /Fo"cmTC_4e396.dir\Debug\\" /Fd"cmTC_4e396.dir\Debug\vc143.pdb" /external:W3 /Gd /TC /errorReport:queue "C:\Program Files\CMake\share\cmake-3.24\Modules\CheckFunctionExists.c"
LINK : fatal error LNK1104: cannot open file 'pthreads.lib' [D:\Repo\PBR\build\CMakeFiles\CMakeTmp\cmTC_4e396.vcxproj]



Determining if the function pthread_create exists in the pthread failed with the following output:
Change Dir: D:/Repo/PBR/build/CMakeFiles/CMakeTmp

Run Build Command(s):C:/Program Files/Microsoft Visual Studio/2022/Enterprise/MSBuild/Current/Bin/amd64/MSBuild.exe cmTC_d934e.vcxproj /p:Configuration=Debug /p:Platform=x64 /p:VisualStudioVersion=17.0 /v:m && MSBuild version 17.3.1+2badb37d1 for .NET Framework
  Microsoft (R) C/C++ Optimizing Compiler Version 19.33.31629 for x64
  CheckFunctionExists.c
  Copyright (C) Microsoft Corporation.  All rights reserved.
  cl /c /Zi /W3 /WX- /diagnostics:column /Od /Ob0 /D _MBCS /D WIN32 /D _WINDOWS /D CHECK_FUNCTION_EXISTS=pthread_create /D "CMAKE_INTDIR=\"Debug\"" /Gm- /RTC1 /MDd /GS /fp:precise /Zc:wchar_t /Zc:forScope /Zc:inline /Fo"cmTC_d934e.dir\Debug\\" /Fd"cmTC_d934e.dir\Debug\vc143.pdb" /external:W3 /Gd /TC /errorReport:queue "C:\Program Files\CMake\share\cmake-3.24\Modules\CheckFunctionExists.c"
LINK : fatal error LNK1104: cannot open file 'pthread.lib' [D:\Repo\PBR\build\CMakeFiles\CMakeTmp\cmTC_d934e.vcxproj]



Determining if the include file dlfcn.h exists failed with the following output:
Change Dir: D:/Repo/PBR/build/CMakeFiles/CMakeTmp

Run Build Command(s):C:/Program Files/Microsoft Visual Studio/2022/Enterprise/MSBuild/Current/Bin/amd64/MSBuild.exe cmTC_7023d.vcxproj /p:Configuration=Debug /p:Platform=x64 /p:VisualStudioVersion=17.0 /v:m && MSBuild version 17.3.1+2badb37d1 for .NET Framework
  Microsoft (R) C/C++ Optimizing Compiler Version 19.33.31629 for x64
  CheckIncludeFile.c
  Copyright (C) Microsoft Corporation.  All rights reserved.
  cl /c /Zi /W3 /WX- /diagnostics:column /Od /Ob0 /D _MBCS /D WIN32 /D _WINDOWS /D "CMAKE_INTDIR=\"Debug\"" /Gm- /RTC1 /MDd /GS /fp:precise /Zc:wchar_t /Zc:forScope /Zc:inline /Fo"cmTC_7023d.dir\Debug\\" /Fd"cmTC_7023d.dir\Debug\vc143.pdb" /external:W3 /Gd /TC /errorReport:queue D:\Repo\PBR\build\CMakeFiles\CMakeTmp\CheckIncludeFile.c
D:\Repo\PBR\build\CMakeFiles\CMakeTmp\CheckIncludeFile.c(1,10): fatal  error C1083: Cannot open include file: 'dlfcn.h': No such file or directory [D:\Repo\PBR\build\CMakeFiles\CMakeTmp\cmTC_7023d.vcxproj]



Determining if the include file execinfo.h exists failed with the following output:
Change Dir: D:/Repo/PBR/build/CMakeFiles/CMakeTmp

Run Build Command(s):C:/Program Files/Microsoft Visual Studio/2022/Enterprise/MSBuild/Current/Bin/amd64/MSBuild.exe cmTC_4b7ef.vcxproj /p:Configuration=Debug /p:Platform=x64 /p:VisualStudioVersion=17.0 /v:m && MSBuild version 17.3.1+2badb37d1 for .NET Framework
  Microsoft (R) C/C++ Optimizing Compiler Version 19.33.31629 for x64
  CheckIncludeFile.c
  Copyright (C) Microsoft Corporation.  All rights reserved.
  cl /c /Zi /W3 /WX- /diagnostics:column /Od /Ob0 /D _MBCS /D WIN32 /D _WINDOWS /D "CMAKE_INTDIR=\"Debug\"" /Gm- /RTC1 /MDd /GS /fp:precise /Zc:wchar_t /Zc:forScope /Zc:inline /Fo"cmTC_4b7ef.dir\Debug\\" /Fd"cmTC_4b7ef.dir\Debug\vc143.pdb" /external:W3 /Gd /TC /errorReport:queue D:\Repo\PBR\build\CMakeFiles\CMakeTmp\CheckIncludeFile.c
D:\Repo\PBR\build\CMakeFiles\CMakeTmp\CheckIncludeFile.c(1,10): fatal  error C1083: Cannot open include file: 'execinfo.h': No such file or directory [D:\Repo\PBR\build\CMakeFiles\CMakeTmp\cmTC_4b7ef.vcxproj]



Determining if the include file glob.h exists failed with the following output:
Change Dir: D:/Repo/PBR/build/CMakeFiles/CMakeTmp

Run Build Command(s):C:/Program Files/Microsoft Visual Studio/2022/Enterprise/MSBuild/Current/Bin/amd64/MSBuild.exe cmTC_dd44a.vcxproj /p:Configuration=Debug /p:Platform=x64 /p:VisualStudioVersion=17.0 /v:m && MSBuild version 17.3.1+2badb37d1 for .NET Framework
  Microsoft (R) C/C++ Optimizing Compiler Version 19.33.31629 for x64
  CheckIncludeFile.c
  Copyright (C) Microsoft Corporation.  All rights reserved.
  cl /c /Zi /W3 /WX- /diagnostics:column /Od /Ob0 /D _MBCS /D WIN32 /D _WINDOWS /D "CMAKE_INTDIR=\"Debug\"" /Gm- /RTC1 /MDd /GS /fp:precise /Zc:wchar_t /Zc:forScope /Zc:inline /Fo"cmTC_dd44a.dir\Debug\\" /Fd"cmTC_dd44a.dir\Debug\vc143.pdb" /external:W3 /Gd /TC /errorReport:queue D:\Repo\PBR\build\CMakeFiles\CMakeTmp\CheckIncludeFile.c
D:\Repo\PBR\build\CMakeFiles\CMakeTmp\CheckIncludeFile.c(1,10): fatal  error C1083: Cannot open include file: 'glob.h': No such file or directory [D:\Repo\PBR\build\CMakeFiles\CMakeTmp\cmTC_dd44a.vcxproj]



Determining if the include file libunwind.h exists failed with the following output:
Change Dir: D:/Repo/PBR/build/CMakeFiles/CMakeTmp

Run Build Command(s):C:/Program Files/Microsoft Visual Studio/2022/Enterprise/MSBuild/Current/Bin/amd64/MSBuild.exe cmTC_ff63c.vcxproj /p:Configuration=Debug /p:Platform=x64 /p:VisualStudioVersion=17.0 /v:m && MSBuild version 17.3.1+2badb37d1 for .NET Framework
  Microsoft (R) C/C++ Optimizing Compiler Version 19.33.31629 for x64
  CheckIncludeFile.c
  Copyright (C) Microsoft Corporation.  All rights reserved.
  cl /c /Zi /W3 /WX- /diagnostics:column /Od /Ob0 /D _MBCS /D WIN32 /D _WINDOWS /D "CMAKE_INTDIR=\"Debug\"" /Gm- /RTC1 /MDd /GS /fp:precise /Zc:wchar_t /Zc:forScope /Zc:inline /Fo"cmTC_ff63c.dir\Debug\\" /Fd"cmTC_ff63c.dir\Debug\vc143.pdb" /external:W3 /Gd /TC /errorReport:queue D:\Repo\PBR\build\CMakeFiles\CMakeTmp\CheckIncludeFile.c
D:\Repo\PBR\build\CMakeFiles\CMakeTmp\CheckIncludeFile.c(1,10): fatal  error C1083: Cannot open include file: 'libunwind.h': No such file or directory [D:\Repo\PBR\build\CMakeFiles\CMakeTmp\cmTC_ff63c.vcxproj]



Determining if the include file pwd.h exists failed with the following output:
Change Dir: D:/Repo/PBR/build/CMakeFiles/CMakeTmp

Run Build Command(s):C:/Program Files/Microsoft Visual Studio/2022/Enterprise/MSBuild/Current/Bin/amd64/MSBuild.exe cmTC_3879a.vcxproj /p:Configuration=Debug /p:Platform=x64 /p:VisualStudioVersion=17.0 /v:m && MSBuild version 17.3.1+2badb37d1 for .NET Framework
  Microsoft (R) C/C++ Optimizing Compiler Version 19.33.31629 for x64
  CheckIncludeFile.c
  Copyright (C) Microsoft Corporation.  All rights reserved.
  cl /c /Zi /W3 /WX- /diagnostics:column /Od /Ob0 /D _MBCS /D WIN32 /D _WINDOWS /D "CMAKE_INTDIR=\"Debug\"" /Gm- /RTC1 /MDd /GS /fp:precise /Zc:wchar_t /Zc:forScope /Zc:inline /Fo"cmTC_3879a.dir\Debug\\" /Fd"cmTC_3879a.dir\Debug\vc143.pdb" /external:W3 /Gd /TC /errorReport:queue D:\Repo\PBR\build\CMakeFiles\CMakeTmp\CheckIncludeFile.c
D:\Repo\PBR\build\CMakeFiles\CMakeTmp\CheckIncludeFile.c(1,10): fatal  error C1083: Cannot open include file: 'pwd.h': No such file or directory [D:\Repo\PBR\build\CMakeFiles\CMakeTmp\cmTC_3879a.vcxproj]



Determining if the include file strings.h exists failed with the following output:
Change Dir: D:/Repo/PBR/build/CMakeFiles/CMakeTmp

Run Build Command(s):C:/Program Files/Microsoft Visual Studio/2022/Enterprise/MSBuild/Current/Bin/amd64/MSBuild.exe cmTC_0472d.vcxproj /p:Configuration=Debug /p:Platform=x64 /p:VisualStudioVersion=17.0 /v:m && MSBuild version 17.3.1+2badb37d1 for .NET Framework
  Microsoft (R) C/C++ Optimizing Compiler Version 19.33.31629 for x64
  CheckIncludeFile.c
  Copyright (C) Microsoft Corporation.  All rights reserved.
  cl /c /Zi /W3 /WX- /diagnostics:column /Od /Ob0 /D _MBCS /D WIN32 /D _WINDOWS /D "CMAKE_INTDIR=\"Debug\"" /Gm- /RTC1 /MDd /GS /fp:precise /Zc:wchar_t /Zc:forScope /Zc:inline /Fo"cmTC_0472d.dir\Debug\\" /Fd"cmTC_0472d.dir\Debug\vc143.pdb" /external:W3 /Gd /TC /errorReport:queue D:\Repo\PBR\build\CMakeFiles\CMakeTmp\CheckIncludeFile.c
D:\Repo\PBR\build\CMakeFiles\CMakeTmp\CheckIncludeFile.c(1,10): fatal  error C1083: Cannot open include file: 'strings.h': No such file or directory [D:\Repo\PBR\build\CMakeFiles\CMakeTmp\cmTC_0472d.vcxproj]



Determining if the include file sys/syscall.h exists failed with the following output:
Change Dir: D:/Repo/PBR/build/CMakeFiles/CMakeTmp

Run Build Command(s):C:/Program Files/Microsoft Visual Studio/2022/Enterprise/MSBuild/Current/Bin/amd64/MSBuild.exe cmTC_33270.vcxproj /p:Configuration=Debug /p:Platform=x64 /p:VisualStudioVersion=17.0 /v:m && MSBuild version 17.3.1+2badb37d1 for .NET Framework
  Microsoft (R) C/C++ Optimizing Compiler Version 19.33.31629 for x64
  CheckIncludeFile.c
D:\Repo\PBR\build\CMakeFiles\CMakeTmp\CheckIncludeFile.c(1,10): fatal  error C1083: Cannot open include file: 'sys/syscall.h': No such file or directory [D:\Repo\PBR\build\CMakeFiles\CMakeTmp\cmTC_33270.vcxproj]
  Copyright (C) Microsoft Corporation.  All rights reserved.
  cl /c /Zi /W3 /WX- /diagnostics:column /Od /Ob0 /D _MBCS /D WIN32 /D _WINDOWS /D "CMAKE_INTDIR=\"Debug\"" /Gm- /RTC1 /MDd /GS /fp:precise /Zc:wchar_t /Zc:forScope /Zc:inline /Fo"cmTC_33270.dir\Debug\\" /Fd"cmTC_33270.dir\Debug\vc143.pdb" /external:W3 /Gd /TC /errorReport:queue D:\Repo\PBR\build\CMakeFiles\CMakeTmp\CheckIncludeFile.c



Determining if the include file sys/time.h exists failed with the following output:
Change Dir: D:/Repo/PBR/build/CMakeFiles/CMakeTmp

Run Build Command(s):C:/Program Files/Microsoft Visual Studio/2022/Enterprise/MSBuild/Current/Bin/amd64/MSBuild.exe cmTC_5ed08.vcxproj /p:Configuration=Debug /p:Platform=x64 /p:VisualStudioVersion=17.0 /v:m && MSBuild version 17.3.1+2badb37d1 for .NET Framework
  Microsoft (R) C/C++ Optimizing Compiler Version 19.33.31629 for x64
  CheckIncludeFile.c
D:\Repo\PBR\build\CMakeFiles\CMakeTmp\CheckIncludeFile.c(1,10): fatal  error C1083: Cannot open include file: 'sys/time.h': No such file or directory [D:\Repo\PBR\build\CMakeFiles\CMakeTmp\cmTC_5ed08.vcxproj]
  Copyright (C) Microsoft Corporation.  All rights reserved.
  cl /c /Zi /W3 /WX- /diagnostics:column /Od /Ob0 /D _MBCS /D WIN32 /D _WINDOWS /D "CMAKE_INTDIR=\"Debug\"" /Gm- /RTC1 /MDd /GS /fp:precise /Zc:wchar_t /Zc:forScope /Zc:inline /Fo"cmTC_5ed08.dir\Debug\\" /Fd"cmTC_5ed08.dir\Debug\vc143.pdb" /external:W3 /Gd /TC /errorReport:queue D:\Repo\PBR\build\CMakeFiles\CMakeTmp\CheckIncludeFile.c



Determining if the include file sys/utsname.h exists failed with the following output:
Change Dir: D:/Repo/PBR/build/CMakeFiles/CMakeTmp

Run Build Command(s):C:/Program Files/Microsoft Visual Studio/2022/Enterprise/MSBuild/Current/Bin/amd64/MSBuild.exe cmTC_99911.vcxproj /p:Configuration=Debug /p:Platform=x64 /p:VisualStudioVersion=17.0 /v:m && MSBuild version 17.3.1+2badb37d1 for .NET Framework
  Microsoft (R) C/C++ Optimizing Compiler Version 19.33.31629 for x64
  CheckIncludeFile.c
D:\Repo\PBR\build\CMakeFiles\CMakeTmp\CheckIncludeFile.c(1,10): fatal  error C1083: Cannot open include file: 'sys/utsname.h': No such file or directory [D:\Repo\PBR\build\CMakeFiles\CMakeTmp\cmTC_99911.vcxproj]
  Copyright (C) Microsoft Corporation.  All rights reserved.
  cl /c /Zi /W3 /WX- /diagnostics:column /Od /Ob0 /D _MBCS /D WIN32 /D _WINDOWS /D "CMAKE_INTDIR=\"Debug\"" /Gm- /RTC1 /MDd /GS /fp:precise /Zc:wchar_t /Zc:forScope /Zc:inline /Fo"cmTC_99911.dir\Debug\\" /Fd"cmTC_99911.dir\Debug\vc143.pdb" /external:W3 /Gd /TC /errorReport:queue D:\Repo\PBR\build\CMakeFiles\CMakeTmp\CheckIncludeFile.c



Determining if the include file syscall.h exists failed with the following output:
Change Dir: D:/Repo/PBR/build/CMakeFiles/CMakeTmp

Run Build Command(s):C:/Program Files/Microsoft Visual Studio/2022/Enterprise/MSBuild/Current/Bin/amd64/MSBuild.exe cmTC_fc74a.vcxproj /p:Configuration=Debug /p:Platform=x64 /p:VisualStudioVersion=17.0 /v:m && MSBuild version 17.3.1+2badb37d1 for .NET Framework
  Microsoft (R) C/C++ Optimizing Compiler Version 19.33.31629 for x64
  CheckIncludeFile.c
  Copyright (C) Microsoft Corporation.  All rights reserved.
  cl /c /Zi /W3 /WX- /diagnostics:column /Od /Ob0 /D _MBCS /D WIN32 /D _WINDOWS /D "CMAKE_INTDIR=\"Debug\"" /Gm- /RTC1 /MDd /GS /fp:precise /Zc:wchar_t /Zc:forScope /Zc:inline /Fo"cmTC_fc74a.dir\Debug\\" /Fd"cmTC_fc74a.dir\Debug\vc143.pdb" /external:W3 /Gd /TC /errorReport:queue D:\Repo\PBR\build\CMakeFiles\CMakeTmp\CheckIncludeFile.c
D:\Repo\PBR\build\CMakeFiles\CMakeTmp\CheckIncludeFile.c(1,10): fatal  error C1083: Cannot open include file: 'syscall.h': No such file or directory [D:\Repo\PBR\build\CMakeFiles\CMakeTmp\cmTC_fc74a.vcxproj]



Determining if the include file syslog.h exists failed with the following output:
Change Dir: D:/Repo/PBR/build/CMakeFiles/CMakeTmp

Run Build Command(s):C:/Program Files/Microsoft Visual Studio/2022/Enterprise/MSBuild/Current/Bin/amd64/MSBuild.exe cmTC_4940b.vcxproj /p:Configuration=Debug /p:Platform=x64 /p:VisualStudioVersion=17.0 /v:m && MSBuild version 17.3.1+2badb37d1 for .NET Framework
  Microsoft (R) C/C++ Optimizing Compiler Version 19.33.31629 for x64
  CheckIncludeFile.c
  Copyright (C) Microsoft Corporation.  All rights reserved.
  cl /c /Zi /W3 /WX- /diagnostics:column /Od /Ob0 /D _MBCS /D WIN32 /D _WINDOWS /D "CMAKE_INTDIR=\"Debug\"" /Gm- /RTC1 /MDd /GS /fp:precise /Zc:wchar_t /Zc:forScope /Zc:inline /Fo"cmTC_4940b.dir\Debug\\" /Fd"cmTC_4940b.dir\Debug\vc143.pdb" /external:W3 /Gd /TC /errorReport:queue D:\Repo\PBR\build\CMakeFiles\CMakeTmp\CheckIncludeFile.c
D:\Repo\PBR\build\CMakeFiles\CMakeTmp\CheckIncludeFile.c(1,10): fatal  error C1083: Cannot open include file: 'syslog.h': No such file or directory [D:\Repo\PBR\build\CMakeFiles\CMakeTmp\cmTC_4940b.vcxproj]



Determining if the include file ucontext.h exists failed with the following output:
Change Dir: D:/Repo/PBR/build/CMakeFiles/CMakeTmp

Run Build Command(s):C:/Program Files/Microsoft Visual Studio/2022/Enterprise/MSBuild/Current/Bin/amd64/MSBuild.exe cmTC_8eba8.vcxproj /p:Configuration=Debug /p:Platform=x64 /p:VisualStudioVersion=17.0 /v:m && MSBuild version 17.3.1+2badb37d1 for .NET Framework
  Microsoft (R) C/C++ Optimizing Compiler Version 19.33.31629 for x64
  CheckIncludeFile.c
  Copyright (C) Microsoft Corporation.  All rights reserved.
  cl /c /Zi /W3 /WX- /diagnostics:column /Od /Ob0 /D _MBCS /D WIN32 /D _WINDOWS /D "CMAKE_INTDIR=\"Debug\"" /Gm- /RTC1 /MDd /GS /fp:precise /Zc:wchar_t /Zc:forScope /Zc:inline /Fo"cmTC_8eba8.dir\Debug\\" /Fd"cmTC_8eba8.dir\Debug\vc143.pdb" /external:W3 /Gd /TC /errorReport:queue D:\Repo\PBR\build\CMakeFiles\CMakeTmp\CheckIncludeFile.c
D:\Repo\PBR\build\CMakeFiles\CMakeTmp\CheckIncludeFile.c(1,10): fatal  error C1083: Cannot open include file: 'ucontext.h': No such file or directory [D:\Repo\PBR\build\CMakeFiles\CMakeTmp\cmTC_8eba8.vcxproj]



Determining if the include file unistd.h exists failed with the following output:
Change Dir: D:/Repo/PBR/build/CMakeFiles/CMakeTmp

Run Build Command(s):C:/Program Files/Microsoft Visual Studio/2022/Enterprise/MSBuild/Current/Bin/amd64/MSBuild.exe cmTC_822e3.vcxproj /p:Configuration=Debug /p:Platform=x64 /p:VisualStudioVersion=17.0 /v:m && MSBuild version 17.3.1+2badb37d1 for .NET Framework
  Microsoft (R) C/C++ Optimizing Compiler Version 19.33.31629 for x64
  CheckIncludeFile.c
  Copyright (C) Microsoft Corporation.  All rights reserved.
  cl /c /Zi /W3 /WX- /diagnostics:column /Od /Ob0 /D _MBCS /D WIN32 /D _WINDOWS /D "CMAKE_INTDIR=\"Debug\"" /Gm- /RTC1 /MDd /GS /fp:precise /Zc:wchar_t /Zc:forScope /Zc:inline /Fo"cmTC_822e3.dir\Debug\\" /Fd"cmTC_822e3.dir\Debug\vc143.pdb" /external:W3 /Gd /TC /errorReport:queue D:\Repo\PBR\build\CMakeFiles\CMakeTmp\CheckIncludeFile.c
D:\Repo\PBR\build\CMakeFiles\CMakeTmp\CheckIncludeFile.c(1,10): fatal  error C1083: Cannot open include file: 'unistd.h': No such file or directory [D:\Repo\PBR\build\CMakeFiles\CMakeTmp\cmTC_822e3.vcxproj]



Determining if the include file unwind.h exists failed with the following output:
Change Dir: D:/Repo/PBR/build/CMakeFiles/CMakeTmp

Run Build Command(s):C:/Program Files/Microsoft Visual Studio/2022/Enterprise/MSBuild/Current/Bin/amd64/MSBuild.exe cmTC_a6024.vcxproj /p:Configuration=Debug /p:Platform=x64 /p:VisualStudioVersion=17.0 /v:m && MSBuild version 17.3.1+2badb37d1 for .NET Framework
  Microsoft (R) C/C++ Optimizing Compiler Version 19.33.31629 for x64
  CheckIncludeFile.c
  Copyright (C) Microsoft Corporation.  All rights reserved.
  cl /c /Zi /W3 /WX- /diagnostics:column /Od /Ob0 /D _MBCS /D WIN32 /D _WINDOWS /D "CMAKE_INTDIR=\"Debug\"" /Gm- /RTC1 /MDd /GS /fp:precise /Zc:wchar_t /Zc:forScope /Zc:inline /Fo"cmTC_a6024.dir\Debug\\" /Fd"cmTC_a6024.dir\Debug\vc143.pdb" /external:W3 /Gd /TC /errorReport:queue D:\Repo\PBR\build\CMakeFiles\CMakeTmp\CheckIncludeFile.c
D:\Repo\PBR\build\CMakeFiles\CMakeTmp\CheckIncludeFile.c(1,10): fatal  error C1083: Cannot open include file: 'unwind.h': No such file or directory [D:\Repo\PBR\build\CMakeFiles\CMakeTmp\cmTC_a6024.vcxproj]



Determining if the include file ext/hash_map exists failed with the following output:
Change Dir: D:/Repo/PBR/build/CMakeFiles/CMakeTmp

Run Build Command(s):C:/Program Files/Microsoft Visual Studio/2022/Enterprise/MSBuild/Current/Bin/amd64/MSBuild.exe cmTC_4cbf2.vcxproj /p:Configuration=Debug /p:Platform=x64 /p:VisualStudioVersion=17.0 /v:m && MSBuild version 17.3.1+2badb37d1 for .NET Framework
  Microsoft (R) C/C++ Optimizing Compiler Version 19.33.31629 for x64
  CheckIncludeFile.cxx
D:\Repo\PBR\build\CMakeFiles\CMakeTmp\CheckIncludeFile.cxx(1,10): fatal  error C1083: Cannot open include file: 'ext/hash_map': No such file or directory [D:\Repo\PBR\build\CMakeFiles\CMakeTmp\cmTC_4cbf2.vcxproj]
  Copyright (C) Microsoft Corporation.  All rights reserved.
  cl /c /Zi /W3 /WX- /diagnostics:column /Od /Ob0 /D _MBCS /D WIN32 /D _WINDOWS /D "CMAKE_INTDIR=\"Debug\"" /Gm- /EHsc /RTC1 /MDd /GS /fp:precise /Zc:wchar_t /Zc:forScope /Zc:inline /GR /Fo"cmTC_4cbf2.dir\Debug\\" /Fd"cmTC_4cbf2.dir\Debug\vc143.pdb" /external:W3 /Gd /TP /errorReport:queue D:\Repo\PBR\build\CMakeFiles\CMakeTmp\CheckIncludeFile.cxx



Determining if the include file ext/hash_set exists failed with the following output:
Change Dir: D:/Repo/PBR/build/CMakeFiles/CMakeTmp

Run Build Command(s):C:/Program Files/Microsoft Visual Studio/2022/Enterprise/MSBuild/Current/Bin/amd64/MSBuild.exe cmTC_2674c.vcxproj /p:Configuration=Debug /p:Platform=x64 /p:VisualStudioVersion=17.0 /v:m && MSBuild version 17.3.1+2badb37d1 for .NET Framework
  Microsoft (R) C/C++ Optimizing Compiler Version 19.33.31629 for x64
  CheckIncludeFile.cxx
  Copyright (C) Microsoft Corporation.  All rights reserved.
  cl /c /Zi /W3 /WX- /diagnostics:column /Od /Ob0 /D _MBCS /D WIN32 /D _WINDOWS /D "CMAKE_INTDIR=\"Debug\"" /Gm- /EHsc /RTC1 /MDd /GS /fp:precise /Zc:wchar_t /Zc:forScope /Zc:inline /GR /Fo"cmTC_2674c.dir\Debug\\" /Fd"cmTC_2674c.dir\Debug\vc143.pdb" /external:W3 /Gd /TP /errorReport:queue D:\Repo\PBR\build\CMakeFiles\CMakeTmp\CheckIncludeFile.cxx
D:\Repo\PBR\build\CMakeFiles\CMakeTmp\CheckIncludeFile.cxx(1,10): fatal  error C1083: Cannot open include file: 'ext/hash_set': No such file or directory [D:\Repo\PBR\build\CMakeFiles\CMakeTmp\cmTC_2674c.vcxproj]



Determining if the include file ext/slist exists failed with the following output:
Change Dir: D:/Repo/PBR/build/CMakeFiles/CMakeTmp

Run Build Command(s):C:/Program Files/Microsoft Visual Studio/2022/Enterprise/MSBuild/Current/Bin/amd64/MSBuild.exe cmTC_1295b.vcxproj /p:Configuration=Debug /p:Platform=x64 /p:VisualStudioVersion=17.0 /v:m && MSBuild version 17.3.1+2badb37d1 for .NET Framework
  Microsoft (R) C/C++ Optimizing Compiler Version 19.33.31629 for x64
  CheckIncludeFile.cxx
D:\Repo\PBR\build\CMakeFiles\CMakeTmp\CheckIncludeFile.cxx(1,10): fatal  error C1083: Cannot open include file: 'ext/slist': No such file or directory [D:\Repo\PBR\build\CMakeFiles\CMakeTmp\cmTC_1295b.vcxproj]
  Copyright (C) Microsoft Corporation.  All rights reserved.
  cl /c /Zi /W3 /WX- /diagnostics:column /Od /Ob0 /D _MBCS /D WIN32 /D _WINDOWS /D "CMAKE_INTDIR=\"Debug\"" /Gm- /EHsc /RTC1 /MDd /GS /fp:precise /Zc:wchar_t /Zc:forScope /Zc:inline /GR /Fo"cmTC_1295b.dir\Debug\\" /Fd"cmTC_1295b.dir\Debug\vc143.pdb" /external:W3 /Gd /TP /errorReport:queue D:\Repo\PBR\build\CMakeFiles\CMakeTmp\CheckIncludeFile.cxx



Determining if the include file tr1/unordered_map exists failed with the following output:
Change Dir: D:/Repo/PBR/build/CMakeFiles/CMakeTmp

Run Build Command(s):C:/Program Files/Microsoft Visual Studio/2022/Enterprise/MSBuild/Current/Bin/amd64/MSBuild.exe cmTC_84f80.vcxproj /p:Configuration=Debug /p:Platform=x64 /p:VisualStudioVersion=17.0 /v:m && MSBuild version 17.3.1+2badb37d1 for .NET Framework
  Microsoft (R) C/C++ Optimizing Compiler Version 19.33.31629 for x64
  CheckIncludeFile.cxx
D:\Repo\PBR\build\CMakeFiles\CMakeTmp\CheckIncludeFile.cxx(1,10): fatal  error C1083: Cannot open include file: 'tr1/unordered_map': No such file or directory [D:\Repo\PBR\build\CMakeFiles\CMakeTmp\cmTC_84f80.vcxproj]
  Copyright (C) Microsoft Corporation.  All rights reserved.
  cl /c /Zi /W3 /WX- /diagnostics:column /Od /Ob0 /D _MBCS /D WIN32 /D _WINDOWS /D "CMAKE_INTDIR=\"Debug\"" /Gm- /EHsc /RTC1 /MDd /GS /fp:precise /Zc:wchar_t /Zc:forScope /Zc:inline /GR /Fo"cmTC_84f80.dir\Debug\\" /Fd"cmTC_84f80.dir\Debug\vc143.pdb" /external:W3 /Gd /TP /errorReport:queue D:\Repo\PBR\build\CMakeFiles\CMakeTmp\CheckIncludeFile.cxx



Determining if the include file tr1/unordered_set exists failed with the following output:
Change Dir: D:/Repo/PBR/build/CMakeFiles/CMakeTmp

Run Build Command(s):C:/Program Files/Microsoft Visual Studio/2022/Enterprise/MSBuild/Current/Bin/amd64/MSBuild.exe cmTC_712d3.vcxproj /p:Configuration=Debug /p:Platform=x64 /p:VisualStudioVersion=17.0 /v:m && MSBuild version 17.3.1+2badb37d1 for .NET Framework
  Microsoft (R) C/C++ Optimizing Compiler Version 19.33.31629 for x64
  CheckIncludeFile.cxx
D:\Repo\PBR\build\CMakeFiles\CMakeTmp\CheckIncludeFile.cxx(1,10): fatal  error C1083: Cannot open include file: 'tr1/unordered_set': No such file or directory [D:\Repo\PBR\build\CMakeFiles\CMakeTmp\cmTC_712d3.vcxproj]
  Copyright (C) Microsoft Corporation.  All rights reserved.
  cl /c /Zi /W3 /WX- /diagnostics:column /Od /Ob0 /D _MBCS /D WIN32 /D _WINDOWS /D "CMAKE_INTDIR=\"Debug\"" /Gm- /EHsc /RTC1 /MDd /GS /fp:precise /Zc:wchar_t /Zc:forScope /Zc:inline /GR /Fo"cmTC_712d3.dir\Debug\\" /Fd"cmTC_712d3.dir\Debug\vc143.pdb" /external:W3 /Gd /TP /errorReport:queue D:\Repo\PBR\build\CMakeFiles\CMakeTmp\CheckIncludeFile.cxx



Determining size of u_int16_t failed with the following output:
Change Dir: D:/Repo/PBR/build/CMakeFiles/CMakeTmp

Run Build Command(s):C:/Program Files/Microsoft Visual Studio/2022/Enterprise/MSBuild/Current/Bin/amd64/MSBuild.exe cmTC_17a11.vcxproj /p:Configuration=Debug /p:Platform=x64 /p:VisualStudioVersion=17.0 /v:m && MSBuild version 17.3.1+2badb37d1 for .NET Framework
  Microsoft (R) C/C++ Optimizing Compiler Version 19.33.31629 for x64
  HAVE_U_INT16_T.c
D:\Repo\PBR\build\CMakeFiles\CheckTypeSize\HAVE_U_INT16_T.c(29,12): error C2065: 'u_int16_t': undeclared identifier [D:\Repo\PBR\build\CMakeFiles\CMakeTmp\cmTC_17a11.vcxproj]
D:\Repo\PBR\build\CMakeFiles\CheckTypeSize\HAVE_U_INT16_T.c(30,12): error C2065: 'u_int16_t': undeclared identifier [D:\Repo\PBR\build\CMakeFiles\CMakeTmp\cmTC_17a11.vcxproj]
D:\Repo\PBR\build\CMakeFiles\CheckTypeSize\HAVE_U_INT16_T.c(31,12): error C2065: 'u_int16_t': undeclared identifier [D:\Repo\PBR\build\CMakeFiles\CMakeTmp\cmTC_17a11.vcxproj]
D:\Repo\PBR\build\CMakeFiles\CheckTypeSize\HAVE_U_INT16_T.c(32,12): error C2065: 'u_int16_t': undeclared identifier [D:\Repo\PBR\build\CMakeFiles\CMakeTmp\cmTC_17a11.vcxproj]
D:\Repo\PBR\build\CMakeFiles\CheckTypeSize\HAVE_U_INT16_T.c(33,12): error C2065: 'u_int16_t': undeclared identifier [D:\Repo\PBR\build\CMakeFiles\CMakeTmp\cmTC_17a11.vcxproj]
  Copyright (C) Microsoft Corporation.  All rights reserved.
  cl /c /Zi /W3 /WX- /diagnostics:column /Od /Ob0 /D _MBCS /D WIN32 /D _WINDOWS /D "CMAKE_INTDIR=\"Debug\"" /Gm- /RTC1 /MDd /GS /fp:precise /Zc:wchar_t /Zc:forScope /Zc:inline /Fo"cmTC_17a11.dir\Debug\\" /Fd"cmTC_17a11.dir\Debug\vc143.pdb" /external:W3 /Gd /TC /errorReport:queue D:\Repo\PBR\build\CMakeFiles\CheckTypeSize\HAVE_U_INT16_T.c


D:/Repo/PBR/build/CMakeFiles/CheckTypeSize/HAVE_U_INT16_T.c:
#include <sys/types.h>
#include <stdint.h>
#include <stddef.h>


#undef KEY
#if defined(__i386)
# define KEY '_','_','i','3','8','6'
#elif defined(__x86_64)
# define KEY '_','_','x','8','6','_','6','4'
#elif defined(__PPC64__)
# define KEY '_','_','P','P','C','6','4','_','_'
#elif defined(__ppc64__)
# define KEY '_','_','p','p','c','6','4','_','_'
#elif defined(__PPC__)
# define KEY '_','_','P','P','C','_','_'
#elif defined(__ppc__)
# define KEY '_','_','p','p','c','_','_'
#elif defined(__aarch64__)
# define KEY '_','_','a','a','r','c','h','6','4','_','_'
#elif defined(__ARM_ARCH_7A__)
# define KEY '_','_','A','R','M','_','A','R','C','H','_','7','A','_','_'
#elif defined(__ARM_ARCH_7S__)
# define KEY '_','_','A','R','M','_','A','R','C','H','_','7','S','_','_'
#endif

#define SIZE (sizeof(u_int16_t))
static char info_size[] =  {'I', 'N', 'F', 'O', ':', 's','i','z','e','[',
  ('0' + ((SIZE / 10000)%10)),
  ('0' + ((SIZE / 1000)%10)),
  ('0' + ((SIZE / 100)%10)),
  ('0' + ((SIZE / 10)%10)),
  ('0' +  (SIZE    % 10)),
  ']',
#ifdef KEY
  ' ','k','e','y','[', KEY, ']',
#endif
  '\0'};

#ifdef __CLASSIC_C__
int main(argc, argv) int argc; char *argv[];
#else
int main(int argc, char *argv[])
#endif
{
  int require = 0;
  require += info_size[argc];
  (void)argv;
  return require;
}


Determining if the function dladdr exists failed with the following output:
Change Dir: D:/Repo/PBR/build/CMakeFiles/CMakeTmp

Run Build Command(s):C:/Program Files/Microsoft Visual Studio/2022/Enterprise/MSBuild/Current/Bin/amd64/MSBuild.exe cmTC_f4753.vcxproj /p:Configuration=Debug /p:Platform=x64 /p:VisualStudioVersion=17.0 /v:m && MSBuild version 17.3.1+2badb37d1 for .NET Framework
  Microsoft (R) C/C++ Optimizing Compiler Version 19.33.31629 for x64
  CheckFunctionExists.c
  Copyright (C) Microsoft Corporation.  All rights reserved.
  cl /c /Zi /W3 /WX- /diagnostics:column /Od /Ob0 /D _MBCS /D WIN32 /D _WINDOWS /D CHECK_FUNCTION_EXISTS=dladdr /D "CMAKE_INTDIR=\"Debug\"" /Gm- /RTC1 /MDd /GS /fp:precise /Zc:wchar_t /Zc:forScope /Zc:inline /Fo"cmTC_f4753.dir\Debug\\" /Fd"cmTC_f4753.dir\Debug\vc143.pdb" /external:W3 /Gd /TC /errorReport:queue "C:\Program Files\CMake\share\cmake-3.24\Modules\CheckFunctionExists.c"
CheckFunctionExists.obj : error LNK2019: unresolved external symbol dladdr referenced in function main [D:\Repo\PBR\build\CMakeFiles\CMakeTmp\cmTC_f4753.vcxproj]
D:\Repo\PBR\build\CMakeFiles\CMakeTmp\Debug\cmTC_f4753.exe : fatal error LNK1120: 1 unresolved externals [D:\Repo\PBR\build\CMakeFiles\CMakeTmp\cmTC_f4753.vcxproj]



Determining if the function fcntl exists failed with the following output:
Change Dir: D:/Repo/PBR/build/CMakeFiles/CMakeTmp

Run Build Command(s):C:/Program Files/Microsoft Visual Studio/2022/Enterprise/MSBuild/Current/Bin/amd64/MSBuild.exe cmTC_2718b.vcxproj /p:Configuration=Debug /p:Platform=x64 /p:VisualStudioVersion=17.0 /v:m && MSBuild version 17.3.1+2badb37d1 for .NET Framework
  Microsoft (R) C/C++ Optimizing Compiler Version 19.33.31629 for x64
  CheckFunctionExists.c
  Copyright (C) Microsoft Corporation.  All rights reserved.
  cl /c /Zi /W3 /WX- /diagnostics:column /Od /Ob0 /D _MBCS /D WIN32 /D _WINDOWS /D CHECK_FUNCTION_EXISTS=fcntl /D "CMAKE_INTDIR=\"Debug\"" /Gm- /RTC1 /MDd /GS /fp:precise /Zc:wchar_t /Zc:forScope /Zc:inline /Fo"cmTC_2718b.dir\Debug\\" /Fd"cmTC_2718b.dir\Debug\vc143.pdb" /external:W3 /Gd /TC /errorReport:queue "C:\Program Files\CMake\share\cmake-3.24\Modules\CheckFunctionExists.c"
CheckFunctionExists.obj : error LNK2019: unresolved external symbol fcntl referenced in function main [D:\Repo\PBR\build\CMakeFiles\CMakeTmp\cmTC_2718b.vcxproj]
D:\Repo\PBR\build\CMakeFiles\CMakeTmp\Debug\cmTC_2718b.exe : fatal error LNK1120: 1 unresolved externals [D:\Repo\PBR\build\CMakeFiles\CMakeTmp\cmTC_2718b.vcxproj]



Determining if the function pread exists failed with the following output:
Change Dir: D:/Repo/PBR/build/CMakeFiles/CMakeTmp

Run Build Command(s):C:/Program Files/Microsoft Visual Studio/2022/Enterprise/MSBuild/Current/Bin/amd64/MSBuild.exe cmTC_8cb7b.vcxproj /p:Configuration=Debug /p:Platform=x64 /p:VisualStudioVersion=17.0 /v:m && MSBuild version 17.3.1+2badb37d1 for .NET Framework
  Microsoft (R) C/C++ Optimizing Compiler Version 19.33.31629 for x64
  CheckFunctionExists.c
  Copyright (C) Microsoft Corporation.  All rights reserved.
  cl /c /Zi /W3 /WX- /diagnostics:column /Od /Ob0 /D _MBCS /D WIN32 /D _WINDOWS /D CHECK_FUNCTION_EXISTS=pread /D "CMAKE_INTDIR=\"Debug\"" /Gm- /RTC1 /MDd /GS /fp:precise /Zc:wchar_t /Zc:forScope /Zc:inline /Fo"cmTC_8cb7b.dir\Debug\\" /Fd"cmTC_8cb7b.dir\Debug\vc143.pdb" /external:W3 /Gd /TC /errorReport:queue "C:\Program Files\CMake\share\cmake-3.24\Modules\CheckFunctionExists.c"
CheckFunctionExists.obj : error LNK2019: unresolved external symbol pread referenced in function main [D:\Repo\PBR\build\CMakeFiles\CMakeTmp\cmTC_8cb7b.vcxproj]
D:\Repo\PBR\build\CMakeFiles\CMakeTmp\Debug\cmTC_8cb7b.exe : fatal error LNK1120: 1 unresolved externals [D:\Repo\PBR\build\CMakeFiles\CMakeTmp\cmTC_8cb7b.vcxproj]



Determining if the function pwrite exists failed with the following output:
Change Dir: D:/Repo/PBR/build/CMakeFiles/CMakeTmp

Run Build Command(s):C:/Program Files/Microsoft Visual Studio/2022/Enterprise/MSBuild/Current/Bin/amd64/MSBuild.exe cmTC_a34c4.vcxproj /p:Configuration=Debug /p:Platform=x64 /p:VisualStudioVersion=17.0 /v:m && MSBuild version 17.3.1+2badb37d1 for .NET Framework
  Microsoft (R) C/C++ Optimizing Compiler Version 19.33.31629 for x64
  CheckFunctionExists.c
  Copyright (C) Microsoft Corporation.  All rights reserved.
  cl /c /Zi /W3 /WX- /diagnostics:column /Od /Ob0 /D _MBCS /D WIN32 /D _WINDOWS /D CHECK_FUNCTION_EXISTS=pwrite /D "CMAKE_INTDIR=\"Debug\"" /Gm- /RTC1 /MDd /GS /fp:precise /Zc:wchar_t /Zc:forScope /Zc:inline /Fo"cmTC_a34c4.dir\Debug\\" /Fd"cmTC_a34c4.dir\Debug\vc143.pdb" /external:W3 /Gd /TC /errorReport:queue "C:\Program Files\CMake\share\cmake-3.24\Modules\CheckFunctionExists.c"
CheckFunctionExists.obj : error LNK2019: unresolved external symbol pwrite referenced in function main [D:\Repo\PBR\build\CMakeFiles\CMakeTmp\cmTC_a34c4.vcxproj]
D:\Repo\PBR\build\CMakeFiles\CMakeTmp\Debug\cmTC_a34c4.exe : fatal error LNK1120: 1 unresolved externals [D:\Repo\PBR\build\CMakeFiles\CMakeTmp\cmTC_a34c4.vcxproj]



Determining if the function sigaction exists failed with the following output:
Change Dir: D:/Repo/PBR/build/CMakeFiles/CMakeTmp

Run Build Command(s):C:/Program Files/Microsoft Visual Studio/2022/Enterprise/MSBuild/Current/Bin/amd64/MSBuild.exe cmTC_72065.vcxproj /p:Configuration=Debug /p:Platform=x64 /p:VisualStudioVersion=17.0 /v:m && MSBuild version 17.3.1+2badb37d1 for .NET Framework
  Microsoft (R) C/C++ Optimizing Compiler Version 19.33.31629 for x64
  CheckFunctionExists.c
  Copyright (C) Microsoft Corporation.  All rights reserved.
  cl /c /Zi /W3 /WX- /diagnostics:column /Od /Ob0 /D _MBCS /D WIN32 /D _WINDOWS /D CHECK_FUNCTION_EXISTS=sigaction /D "CMAKE_INTDIR=\"Debug\"" /Gm- /RTC1 /MDd /GS /fp:precise /Zc:wchar_t /Zc:forScope /Zc:inline /Fo"cmTC_72065.dir\Debug\\" /Fd"cmTC_72065.dir\Debug\vc143.pdb" /external:W3 /Gd /TC /errorReport:queue "C:\Program Files\CMake\share\cmake-3.24\Modules\CheckFunctionExists.c"
CheckFunctionExists.obj : error LNK2019: unresolved external symbol sigaction referenced in function main [D:\Repo\PBR\build\CMakeFiles\CMakeTmp\cmTC_72065.vcxproj]
D:\Repo\PBR\build\CMakeFiles\CMakeTmp\Debug\cmTC_72065.exe : fatal error LNK1120: 1 unresolved externals [D:\Repo\PBR\build\CMakeFiles\CMakeTmp\cmTC_72065.vcxproj]



Determining if the function sigaltstack exists failed with the following output:
Change Dir: D:/Repo/PBR/build/CMakeFiles/CMakeTmp

Run Build Command(s):C:/Program Files/Microsoft Visual Studio/2022/Enterprise/MSBuild/Current/Bin/amd64/MSBuild.exe cmTC_bf4fe.vcxproj /p:Configuration=Debug /p:Platform=x64 /p:VisualStudioVersion=17.0 /v:m && MSBuild version 17.3.1+2badb37d1 for .NET Framework
  Microsoft (R) C/C++ Optimizing Compiler Version 19.33.31629 for x64
  CheckFunctionExists.c
  Copyright (C) Microsoft Corporation.  All rights reserved.
  cl /c /Zi /W3 /WX- /diagnostics:column /Od /Ob0 /D _MBCS /D WIN32 /D _WINDOWS /D CHECK_FUNCTION_EXISTS=sigaltstack /D "CMAKE_INTDIR=\"Debug\"" /Gm- /RTC1 /MDd /GS /fp:precise /Zc:wchar_t /Zc:forScope /Zc:inline /Fo"cmTC_bf4fe.dir\Debug\\" /Fd"cmTC_bf4fe.dir\Debug\vc143.pdb" /external:W3 /Gd /TC /errorReport:queue "C:\Program Files\CMake\share\cmake-3.24\Modules\CheckFunctionExists.c"
CheckFunctionExists.obj : error LNK2019: unresolved external symbol sigaltstack referenced in function main [D:\Repo\PBR\build\CMakeFiles\CMakeTmp\cmTC_bf4fe.vcxproj]
D:\Repo\PBR\build\CMakeFiles\CMakeTmp\Debug\cmTC_bf4fe.exe : fatal error LNK1120: 1 unresolved externals [D:\Repo\PBR\build\CMakeFiles\CMakeTmp\cmTC_bf4fe.vcxproj]



Performing C++ SOURCE FILE Test HAVE_NO_DEPRECATED failed with the following output:
Change Dir: D:/Repo/PBR/build/CMakeFiles/CMakeTmp

Run Build Command(s):C:/Program Files/Microsoft Visual Studio/2022/Enterprise/MSBuild/Current/Bin/amd64/MSBuild.exe cmTC_ad7bc.vcxproj /p:Configuration=Debug /p:Platform=x64 /p:VisualStudioVersion=17.0 /v:m && MSBuild version 17.3.1+2badb37d1 for .NET Framework
  Microsoft (R) C/C++ Optimizing Compiler Version 19.33.31629 for x64
  Copyright (C) Microsoft Corporation.  All rights reserved.
  cl /c /Zi /W3 /WX- /diagnostics:column /Od /Ob0 /D _MBCS /D WIN32 /D _WINDOWS /D HAVE_NO_DEPRECATED /D "CMAKE_INTDIR=\"Debug\"" /Gm- /EHsc /RTC1 /MDd /GS /fp:precise /Zc:wchar_t /Zc:forScope /Zc:inline /GR /Fo"cmTC_ad7bc.dir\Debug\\" /Fd"cmTC_ad7bc.dir\Debug\vc143.pdb" /external:W3 /Gd /TP /errorReport:queue  -Wno-deprecated D:\Repo\PBR\build\CMakeFiles\CMakeTmp\src.cxx
cl : command line  error D8021: invalid numeric argument '/Wno-deprecated' [D:\Repo\PBR\build\CMakeFiles\CMakeTmp\cmTC_ad7bc.vcxproj]


Source file was:
int main() { return 0; }
Performing C++ SOURCE FILE Test HAVE_NO_UNNAMED_TYPE_TEMPLATE_ARGS failed with the following output:
Change Dir: D:/Repo/PBR/build/CMakeFiles/CMakeTmp

Run Build Command(s):C:/Program Files/Microsoft Visual Studio/2022/Enterprise/MSBuild/Current/Bin/amd64/MSBuild.exe cmTC_50390.vcxproj /p:Configuration=Debug /p:Platform=x64 /p:VisualStudioVersion=17.0 /v:m && MSBuild version 17.3.1+2badb37d1 for .NET Framework
  Microsoft (R) C/C++ Optimizing Compiler Version 19.33.31629 for x64
  Copyright (C) Microsoft Corporation.  All rights reserved.
  cl /c /Zi /W3 /WX- /diagnostics:column /Od /Ob0 /D _MBCS /D WIN32 /D _WINDOWS /D HAVE_NO_UNNAMED_TYPE_TEMPLATE_ARGS /D "CMAKE_INTDIR=\"Debug\"" /Gm- /EHsc /RTC1 /MDd /GS /fp:precise /Zc:wchar_t /Zc:forScope /Zc:inline /GR /Fo"cmTC_50390.dir\Debug\\" /Fd"cmTC_50390.dir\Debug\vc143.pdb" /external:W3 /Gd /TP /errorReport:queue  -Wno-unnamed-type-template-args D:\Repo\PBR\build\CMakeFiles\CMakeTmp\src.cxx
cl : command line  error D8021: invalid numeric argument '/Wno-unnamed-type-template-args' [D:\Repo\PBR\build\CMakeFiles\CMakeTmp\cmTC_50390.vcxproj]


Source file was:
int main() { return 0; }
Determining if the function get_static_proc_name exists in the unwind failed with the following output:
Change Dir: D:/Repo/PBR/build/CMakeFiles/CMakeTmp

Run Build Command(s):C:/Program Files/Microsoft Visual Studio/2022/Enterprise/MSBuild/Current/Bin/amd64/MSBuild.exe cmTC_dfdb2.vcxproj /p:Configuration=Debug /p:Platform=x64 /p:VisualStudioVersion=17.0 /v:m && MSBuild version 17.3.1+2badb37d1 for .NET Framework
  Microsoft (R) C/C++ Optimizing Compiler Version 19.33.31629 for x64
  CheckFunctionExists.c
  Copyright (C) Microsoft Corporation.  All rights reserved.
  cl /c /Zi /W3 /WX- /diagnostics:column /Od /Ob0 /D _MBCS /D WIN32 /D _WINDOWS /D CHECK_FUNCTION_EXISTS=get_static_proc_name /D "CMAKE_INTDIR=\"Debug\"" /Gm- /RTC1 /MDd /GS /fp:precise /Zc:wchar_t /Zc:forScope /Zc:inline /Fo"cmTC_dfdb2.dir\Debug\\" /Fd"cmTC_dfdb2.dir\Debug\vc143.pdb" /external:W3 /Gd /TC /errorReport:queue "C:\Program Files\CMake\share\cmake-3.24\Modules\CheckFunctionExists.c"
LINK : fatal error LNK1104: cannot open file 'unwind.lib' [D:\Repo\PBR\build\CMakeFiles\CMakeTmp\cmTC_dfdb2.vcxproj]



Performing C SOURCE FILE Test HAVE___ATTRIBUTE__ failed with the following output:
Change Dir: D:/Repo/PBR/build/CMakeFiles/CMakeTmp

Run Build Command(s):C:/Program Files/Microsoft Visual Studio/2022/Enterprise/MSBuild/Current/Bin/amd64/MSBuild.exe cmTC_6f3c0.vcxproj /p:Configuration=Debug /p:Platform=x64 /p:VisualStudioVersion=17.0 /v:m && MSBuild version 17.3.1+2badb37d1 for .NET Framework
  Microsoft (R) C/C++ Optimizing Compiler Version 19.33.31629 for x64
  Copyright (C) Microsoft Corporation.  All rights reserved.
  src.c
D:\Repo\PBR\build\CMakeFiles\CMakeTmp\src.c(3,23): error C2061: syntax error: identifier '__attribute__' [D:\Repo\PBR\build\CMakeFiles\CMakeTmp\cmTC_6f3c0.vcxproj]
D:\Repo\PBR\build\CMakeFiles\CMakeTmp\src.c(3,23): error C2059: syntax error: ';' [D:\Repo\PBR\build\CMakeFiles\CMakeTmp\cmTC_6f3c0.vcxproj]
  cl /c /Zi /W3 /WX- /diagnostics:column /Od /Ob0 /D _MBCS /D WIN32 /D _WINDOWS /D HAVE___ATTRIBUTE__ /D "CMAKE_INTDIR=\"Debug\"" /Gm- /RTC1 /MDd /GS /fp:precise /Zc:wchar_t /Zc:forScope /Zc:inline /Fo"cmTC_6f3c0.dir\Debug\\" /Fd"cmTC_6f3c0.dir\Debug\vc143.pdb" /external:W3 /Gd /TC /errorReport:queue D:\Repo\PBR\build\CMakeFiles\CMakeTmp\src.c


Source file was:

#include <stdlib.h>
static void foo(void) __attribute__ ((unused));
int main(void) { return 0; }

Performing C SOURCE FILE Test HAVE___ATTRIBUTE__VISIBILITY_DEFAULT failed with the following output:
Change Dir: D:/Repo/PBR/build/CMakeFiles/CMakeTmp

Run Build Command(s):C:/Program Files/Microsoft Visual Studio/2022/Enterprise/MSBuild/Current/Bin/amd64/MSBuild.exe cmTC_5554a.vcxproj /p:Configuration=Debug /p:Platform=x64 /p:VisualStudioVersion=17.0 /v:m && MSBuild version 17.3.1+2badb37d1 for .NET Framework
  Microsoft (R) C/C++ Optimizing Compiler Version 19.33.31629 for x64
  src.c
D:\Repo\PBR\build\CMakeFiles\CMakeTmp\src.c(3,23): error C2061: syntax error: identifier '__attribute__' [D:\Repo\PBR\build\CMakeFiles\CMakeTmp\cmTC_5554a.vcxproj]
D:\Repo\PBR\build\CMakeFiles\CMakeTmp\src.c(3,23): error C2059: syntax error: ';' [D:\Repo\PBR\build\CMakeFiles\CMakeTmp\cmTC_5554a.vcxproj]
D:\Repo\PBR\build\CMakeFiles\CMakeTmp\src.c(3,50): error C2143: syntax error: missing ')' before 'string' [D:\Repo\PBR\build\CMakeFiles\CMakeTmp\cmTC_5554a.vcxproj]
  Copyright (C) Microsoft Corporation.  All rights reserved.
  cl /c /Zi /W3 /WX- /diagnostics:column /Od /Ob0 /D _MBCS /D WIN32 /D _WINDOWS /D HAVE___ATTRIBUTE__VISIBILITY_DEFAULT /D "CMAKE_INTDIR=\"Debug\"" /Gm- /RTC1 /MDd /GS /fp:precise /Zc:wchar_t /Zc:forScope /Zc:inline /Fo"cmTC_5554a.dir\Debug\\" /Fd"cmTC_5554a.dir\Debug\vc143.pdb" /external:W3 /Gd /TC /errorReport:queue D:\Repo\PBR\build\CMakeFiles\CMakeTmp\src.c
D:\Repo\PBR\build\CMakeFiles\CMakeTmp\src.c(3,59): error C2059: syntax error: ')' [D:\Repo\PBR\build\CMakeFiles\CMakeTmp\cmTC_5554a.vcxproj]
D:\Repo\PBR\build\CMakeFiles\CMakeTmp\src.c(3,60): error C2059: syntax error: ')' [D:\Repo\PBR\build\CMakeFiles\CMakeTmp\cmTC_5554a.vcxproj]
D:\Repo\PBR\build\CMakeFiles\CMakeTmp\src.c(3,61): error C2059: syntax error: ')' [D:\Repo\PBR\build\CMakeFiles\CMakeTmp\cmTC_5554a.vcxproj]


Source file was:

#include <stdlib.h>
static void foo(void) __attribute__ ((visibility("default")));
int main(void) { return 0; }

Performing C SOURCE FILE Test HAVE___ATTRIBUTE__VISIBILITY_HIDDEN failed with the following output:
Change Dir: D:/Repo/PBR/build/CMakeFiles/CMakeTmp

Run Build Command(s):C:/Program Files/Microsoft Visual Studio/2022/Enterprise/MSBuild/Current/Bin/amd64/MSBuild.exe cmTC_c92af.vcxproj /p:Configuration=Debug /p:Platform=x64 /p:VisualStudioVersion=17.0 /v:m && MSBuild version 17.3.1+2badb37d1 for .NET Framework
  Microsoft (R) C/C++ Optimizing Compiler Version 19.33.31629 for x64
  src.c
  Copyright (C) Microsoft Corporation.  All rights reserved.
  cl /c /Zi /W3 /WX- /diagnostics:column /Od /Ob0 /D _MBCS /D WIN32 /D _WINDOWS /D HAVE___ATTRIBUTE__VISIBILITY_HIDDEN /D "CMAKE_INTDIR=\"Debug\"" /Gm- /RTC1 /MDd /GS /fp:precise /Zc:wchar_t /Zc:forScope /Zc:inline /Fo"cmTC_c92af.dir\Debug\\" /Fd"cmTC_c92af.dir\Debug\vc143.pdb" /external:W3 /Gd /TC /errorReport:queue D:\Repo\PBR\build\CMakeFiles\CMakeTmp\src.c
D:\Repo\PBR\build\CMakeFiles\CMakeTmp\src.c(3,23): error C2061: syntax error: identifier '__attribute__' [D:\Repo\PBR\build\CMakeFiles\CMakeTmp\cmTC_c92af.vcxproj]
D:\Repo\PBR\build\CMakeFiles\CMakeTmp\src.c(3,23): error C2059: syntax error: ';' [D:\Repo\PBR\build\CMakeFiles\CMakeTmp\cmTC_c92af.vcxproj]
D:\Repo\PBR\build\CMakeFiles\CMakeTmp\src.c(3,50): error C2143: syntax error: missing ')' before 'string' [D:\Repo\PBR\build\CMakeFiles\CMakeTmp\cmTC_c92af.vcxproj]
D:\Repo\PBR\build\CMakeFiles\CMakeTmp\src.c(3,58): error C2059: syntax error: ')' [D:\Repo\PBR\build\CMakeFiles\CMakeTmp\cmTC_c92af.vcxproj]
D:\Repo\PBR\build\CMakeFiles\CMakeTmp\src.c(3,59): error C2059: syntax error: ')' [D:\Repo\PBR\build\CMakeFiles\CMakeTmp\cmTC_c92af.vcxproj]
D:\Repo\PBR\build\CMakeFiles\CMakeTmp\src.c(3,60): error C2059: syntax error: ')' [D:\Repo\PBR\build\CMakeFiles\CMakeTmp\cmTC_c92af.vcxproj]


Source file was:

#include <stdlib.h>
static void foo(void) __attribute__ ((visibility("hidden")));
int main(void) { return 0; }

Performing C SOURCE FILE Test HAVE___BUILTIN_EXPECT failed with the following output:
Change Dir: D:/Repo/PBR/build/CMakeFiles/CMakeTmp

Run Build Command(s):C:/Program Files/Microsoft Visual Studio/2022/Enterprise/MSBuild/Current/Bin/amd64/MSBuild.exe cmTC_42b5b.vcxproj /p:Configuration=Debug /p:Platform=x64 /p:VisualStudioVersion=17.0 /v:m && MSBuild version 17.3.1+2badb37d1 for .NET Framework
  Microsoft (R) C/C++ Optimizing Compiler Version 19.33.31629 for x64
  src.c
D:\Repo\PBR\build\CMakeFiles\CMakeTmp\src.c(2,22): warning C4013: '__builtin_expect' undefined; assuming extern returning int [D:\Repo\PBR\build\CMakeFiles\CMakeTmp\cmTC_42b5b.vcxproj]
  Copyright (C) Microsoft Corporation.  All rights reserved.
  cl /c /Zi /W3 /WX- /diagnostics:column /Od /Ob0 /D _MBCS /D WIN32 /D _WINDOWS /D HAVE___BUILTIN_EXPECT /D "CMAKE_INTDIR=\"Debug\"" /Gm- /RTC1 /MDd /GS /fp:precise /Zc:wchar_t /Zc:forScope /Zc:inline /Fo"cmTC_42b5b.dir\Debug\\" /Fd"cmTC_42b5b.dir\Debug\vc143.pdb" /external:W3 /Gd /TC /errorReport:queue D:\Repo\PBR\build\CMakeFiles\CMakeTmp\src.c
src.obj : error LNK2019: unresolved external symbol __builtin_expect referenced in function main [D:\Repo\PBR\build\CMakeFiles\CMakeTmp\cmTC_42b5b.vcxproj]
D:\Repo\PBR\build\CMakeFiles\CMakeTmp\Debug\cmTC_42b5b.exe : fatal error LNK1120: 1 unresolved externals [D:\Repo\PBR\build\CMakeFiles\CMakeTmp\cmTC_42b5b.vcxproj]


Source file was:

int main(void) { if (__builtin_expect(0, 0)) return 1; return 0; }

Performing C SOURCE FILE Test HAVE___SYNC_VAL_COMPARE_AND_SWAP failed with the following output:
Change Dir: D:/Repo/PBR/build/CMakeFiles/CMakeTmp

Run Build Command(s):C:/Program Files/Microsoft Visual Studio/2022/Enterprise/MSBuild/Current/Bin/amd64/MSBuild.exe cmTC_06502.vcxproj /p:Configuration=Debug /p:Platform=x64 /p:VisualStudioVersion=17.0 /v:m && MSBuild version 17.3.1+2badb37d1 for .NET Framework
  Microsoft (R) C/C++ Optimizing Compiler Version 19.33.31629 for x64
  src.c
D:\Repo\PBR\build\CMakeFiles\CMakeTmp\src.c(4,14): warning C4013: '__sync_val_compare_and_swap' undefined; assuming extern returning int [D:\Repo\PBR\build\CMakeFiles\CMakeTmp\cmTC_06502.vcxproj]
  Copyright (C) Microsoft Corporation.  All rights reserved.
  cl /c /Zi /W3 /WX- /diagnostics:column /Od /Ob0 /D _MBCS /D WIN32 /D _WINDOWS /D HAVE___SYNC_VAL_COMPARE_AND_SWAP /D "CMAKE_INTDIR=\"Debug\"" /Gm- /RTC1 /MDd /GS /fp:precise /Zc:wchar_t /Zc:forScope /Zc:inline /Fo"cmTC_06502.dir\Debug\\" /Fd"cmTC_06502.dir\Debug\vc143.pdb" /external:W3 /Gd /TC /errorReport:queue D:\Repo\PBR\build\CMakeFiles\CMakeTmp\src.c
src.obj : error LNK2019: unresolved external symbol __sync_val_compare_and_swap referenced in function main [D:\Repo\PBR\build\CMakeFiles\CMakeTmp\cmTC_06502.vcxproj]
D:\Repo\PBR\build\CMakeFiles\CMakeTmp\Debug\cmTC_06502.exe : fatal error LNK1120: 1 unresolved externals [D:\Repo\PBR\build\CMakeFiles\CMakeTmp\cmTC_06502.vcxproj]


Source file was:

int main(void)
{
  int a; if (__sync_val_compare_and_swap(&a, 0, 1)) return 1; return 0;
}

Performing C SOURCE FILE Test HAVE_RWLOCK failed with the following output:
Change Dir: D:/Repo/PBR/build/CMakeFiles/CMakeTmp

Run Build Command(s):C:/Program Files/Microsoft Visual Studio/2022/Enterprise/MSBuild/Current/Bin/amd64/MSBuild.exe cmTC_34232.vcxproj /p:Configuration=Debug /p:Platform=x64 /p:VisualStudioVersion=17.0 /v:m && MSBuild version 17.3.1+2badb37d1 for .NET Framework
  Microsoft (R) C/C++ Optimizing Compiler Version 19.33.31629 for x64
  src.c
  Copyright (C) Microsoft Corporation.  All rights reserved.
  cl /c /Zi /W3 /WX- /diagnostics:column /Od /Ob0 /D _MBCS /D WIN32 /D _WINDOWS /D HAVE_RWLOCK /D "CMAKE_INTDIR=\"Debug\"" /Gm- /RTC1 /MDd /GS /fp:precise /Zc:wchar_t /Zc:forScope /Zc:inline /Fo"cmTC_34232.dir\Debug\\" /Fd"cmTC_34232.dir\Debug\vc143.pdb" /external:W3 /Gd /TC /errorReport:queue D:\Repo\PBR\build\CMakeFiles\CMakeTmp\src.c
D:\Repo\PBR\build\CMakeFiles\CMakeTmp\src.c(3,10): fatal  error C1083: Cannot open include file: 'pthread.h': No such file or directory [D:\Repo\PBR\build\CMakeFiles\CMakeTmp\cmTC_34232.vcxproj]


Source file was:

#define _XOPEN_SOURCE 500
#include <pthread.h>
int main(void)
{
  pthread_rwlock_t l;
  pthread_rwlock_init(&l, NULL);
  pthread_rwlock_rdlock(&l);
  return 0;
}

Performing C++ SOURCE FILE Test STL_NO_NAMESPACE failed with the following output:
Change Dir: D:/Repo/PBR/build/CMakeFiles/CMakeTmp

Run Build Command(s):C:/Program Files/Microsoft Visual Studio/2022/Enterprise/MSBuild/Current/Bin/amd64/MSBuild.exe cmTC_7d0ef.vcxproj /p:Configuration=Debug /p:Platform=x64 /p:VisualStudioVersion=17.0 /v:m && MSBuild version 17.3.1+2badb37d1 for .NET Framework
  Microsoft (R) C/C++ Optimizing Compiler Version 19.33.31629 for x64
  src.cxx
  Copyright (C) Microsoft Corporation.  All rights reserved.
  cl /c /Zi /W3 /WX- /diagnostics:column /Od /Ob0 /D _MBCS /D WIN32 /D _WINDOWS /D STL_NO_NAMESPACE /D "CMAKE_INTDIR=\"Debug\"" /Gm- /EHsc /RTC1 /MDd /GS /fp:precise /Zc:wchar_t /Zc:forScope /Zc:inline /GR /Fo"cmTC_7d0ef.dir\Debug\\" /Fd"cmTC_7d0ef.dir\Debug\vc143.pdb" /external:W3 /Gd /TP /errorReport:queue D:\Repo\PBR\build\CMakeFiles\CMakeTmp\src.cxx
D:\Repo\PBR\build\CMakeFiles\CMakeTmp\src.cxx(3,7): error C2143: syntax error: missing ';' before '<' [D:\Repo\PBR\build\CMakeFiles\CMakeTmp\cmTC_7d0ef.vcxproj]
D:\Repo\PBR\build\CMakeFiles\CMakeTmp\src.cxx(3,7): error C4430: missing type specifier - int assumed. Note: C++ does not support default-int [D:\Repo\PBR\build\CMakeFiles\CMakeTmp\cmTC_7d0ef.vcxproj]


Source file was:

#include <vector>
vector<int> t; int main() { }

